12:12:13.205  INFO [main] (Aligner.java:51) - 
Audio Track : development_male_1.wav.wav
[
{d, 1.000, [300:380]}, 
{v, 1.000, [440:490]}, 
{eh, 1.000, [500:590]}, 
{l, 1.000, [600:630]}, 
{ah, 1.000, [640:660]}, 
{p, 1.000, [730:860]}, 
{m, 1.000, [870:940]}, 
{ah, 1.000, [950:970]}, 
{n, 1.000, [980:1050]}, 
{t, 1.000, [1060:1270]}]
Amount of phonemes: 10 from 11
Phonemes: d ih v eh l ah p m ah n t
************************************

12:14:32.027  INFO [main] (Main.java:74) - Pronunciation :     NATIVE
12:14:32.027  INFO [main] (Main.java:75) - Audio track   :     development_male_1.wav.wav
12:14:32.027  INFO [main] (Main.java:76) - Word          :     DEVELOPMENT
12:14:32.028  INFO [main] (Main.java:77) - Probability   :     14.652605348082322
12:14:32.028  INFO [main] (Main.java:78) - #######################################################

